<?xml version="1.0" encoding="UTF-8"?>
<!-- Generated by org.testng.reporters.JUnitReportReporter -->
<testsuite skipped="0" hostname="home-PC" name="TestPage.Testngperiority" tests="13" failures="0" timestamp="14 May 2020 13:12:39 GMT" time="0.092" errors="0">
  <testcase name="tes13" time="0.004" classname="TestPage.Testngperiority"/>
  <testcase name="tes13" time="0.004" classname="TestPage.Testngperiority"/>
  <testcase name="tes14" time="0.005" classname="TestPage.Testngperiority"/>
  <testcase name="tes13" time="0.005" classname="TestPage.Testngperiority"/>
  <testcase name="tes13" time="0.010" classname="TestPage.Testngperiority"/>
  <testcase name="tes12" time="0.038" classname="TestPage.Testngperiority"/>
  <testcase name="tes14" time="0.004" classname="TestPage.Testngperiority"/>
  <testcase name="tes14" time="0.004" classname="TestPage.Testngperiority"/>
  <testcase name="tes13" time="0.004" classname="TestPage.Testngperiority"/>
  <testcase name="tes14" time="0.004" classname="TestPage.Testngperiority"/>
  <testcase name="tes14" time="0.004" classname="TestPage.Testngperiority"/>
  <testcase name="tes11" time="0.003" classname="TestPage.Testngperiority"/>
  <testcase name="tes15" time="0.003" classname="TestPage.Testngperiority"/>
</testsuite> <!-- TestPage.Testngperiority -->
