<?xml version="1.0" encoding="UTF-8"?>
<!-- Generated by org.testng.reporters.JUnitReportReporter -->
<testsuite skipped="0" hostname="home-PC" name="TestPage.Home" tests="1" failures="0" timestamp="29 Dec 2019 05:22:13 GMT" time="0.038" errors="0">
  <testcase name="verify" time="0.038" classname="TestPage.Home"/>
</testsuite> <!-- TestPage.Home -->
